<?xml version="1.0" encoding="UTF-8"?>
<testng-results ignored="0" total="2" passed="2" failed="0" skipped="0">
  <reporter-output>
  </reporter-output>
  <suite started-at="2026-07-30T14:06:09 IST" name="Default suite" finished-at="2026-07-30T14:06:34 IST" duration-ms="25761">
    <groups>
      <group name="cucumber">
        <method signature="AbstractTestNGCucumberTests.runScenario(io.cucumber.testng.PickleWrapper,io.cucumber.testng.FeatureWrapper)[pri:0, instance:parallel.ParallelRun@175b9425]" name="runScenario" class="io.cucumber.testng.AbstractTestNGCucumberTests"/>
      </group> <!-- cucumber -->
    </groups>
    <test started-at="2026-07-30T14:06:09 IST" name="Default test" finished-at="2026-07-30T14:06:34 IST" duration-ms="25761">
      <class name="parallel.ParallelRun">
        <test-method is-config="true" signature="setUpClass(org.testng.ITestContext)[pri:0, instance:parallel.ParallelRun@175b9425]" started-at="2026-07-30T14:06:09 IST" name="setUpClass" finished-at="2026-07-30T14:06:12 IST" duration-ms="3700" status="PASS">
          <params>
            <param index="0">
              <value>
                <![CDATA[org.testng.TestRunner@2577a95d]]>
              </value>
            </param>
          </params>
          <reporter-output>
          </reporter-output>
        </test-method> <!-- setUpClass -->
        <test-method signature="runScenario(io.cucumber.testng.PickleWrapper,io.cucumber.testng.FeatureWrapper)[pri:0, instance:parallel.ParallelRun@175b9425]" started-at="2026-07-30T14:06:12 IST" name="runScenario" description="Runs Cucumber Scenarios" data-provider="scenarios" finished-at="2026-07-30T14:06:14 IST" duration-ms="2055" status="PASS">
          <params>
            <param index="0">
              <value>
                <![CDATA["Print"]]>
              </value>
            </param>
            <param index="1">
              <value>
                <![CDATA["Print"]]>
              </value>
            </param>
          </params>
          <reporter-output>
          </reporter-output>
        </test-method> <!-- runScenario -->
        <test-method signature="runScenario(io.cucumber.testng.PickleWrapper,io.cucumber.testng.FeatureWrapper)[pri:0, instance:parallel.ParallelRun@175b9425]" started-at="2026-07-30T14:06:12 IST" name="runScenario" description="Runs Cucumber Scenarios" data-provider="scenarios" finished-at="2026-07-30T14:06:15 IST" duration-ms="2053" status="PASS">
          <params>
            <param index="0">
              <value>
                <![CDATA["location"]]>
              </value>
            </param>
            <param index="1">
              <value>
                <![CDATA["Print"]]>
              </value>
            </param>
          </params>
          <reporter-output>
          </reporter-output>
        </test-method> <!-- runScenario -->
        <test-method is-config="true" signature="tearDownClass()[pri:0, instance:parallel.ParallelRun@175b9425]" started-at="2026-07-30T14:06:15 IST" name="tearDownClass" finished-at="2026-07-30T14:06:34 IST" duration-ms="19672" status="PASS">
          <reporter-output>
          </reporter-output>
        </test-method> <!-- tearDownClass -->
      </class> <!-- parallel.ParallelRun -->
    </test> <!-- Default test -->
  </suite> <!-- Default suite -->
</testng-results>
