<?xml version="1.0" encoding="UTF-8"?>
<testng-results ignored="0" total="1" passed="1" failed="0" skipped="0">
  <reporter-output>
  </reporter-output>
  <suite started-at="2026-08-01T11:41:35 IST" name="Default suite" finished-at="2026-08-01T11:42:25 IST" duration-ms="50432">
    <groups>
      <group name="cucumber">
        <method signature="AbstractTestNGCucumberTests.runScenario(io.cucumber.testng.PickleWrapper,io.cucumber.testng.FeatureWrapper)[pri:0, instance:parallel.FailedRun@175b9425]" name="runScenario" class="io.cucumber.testng.AbstractTestNGCucumberTests"/>
      </group> <!-- cucumber -->
    </groups>
    <test started-at="2026-08-01T11:41:35 IST" name="Default test" finished-at="2026-08-01T11:42:25 IST" duration-ms="50432">
      <class name="parallel.FailedRun">
        <test-method is-config="true" signature="setUpClass(org.testng.ITestContext)[pri:0, instance:parallel.FailedRun@175b9425]" started-at="2026-08-01T11:41:35 IST" name="setUpClass" finished-at="2026-08-01T11:41:38 IST" duration-ms="3176" status="PASS">
          <params>
            <param index="0">
              <value>
                <![CDATA[org.testng.TestRunner@430b2699]]>
              </value>
            </param>
          </params>
          <reporter-output>
          </reporter-output>
        </test-method> <!-- setUpClass -->
        <test-method signature="runScenario(io.cucumber.testng.PickleWrapper,io.cucumber.testng.FeatureWrapper)[pri:0, instance:parallel.FailedRun@175b9425]" started-at="2026-08-01T11:41:38 IST" name="runScenario" description="Runs Cucumber Scenarios" data-provider="scenarios" finished-at="2026-08-01T11:42:13 IST" duration-ms="35079" status="PASS">
          <params>
            <param index="0">
              <value>
                <![CDATA["Contact Us scenario with differnet set of data"]]>
              </value>
            </param>
            <param index="1">
              <value>
                <![CDATA["Contact Us Feature"]]>
              </value>
            </param>
          </params>
          <reporter-output>
          </reporter-output>
        </test-method> <!-- runScenario -->
        <test-method is-config="true" signature="tearDownClass()[pri:0, instance:parallel.FailedRun@175b9425]" started-at="2026-08-01T11:42:13 IST" name="tearDownClass" finished-at="2026-08-01T11:42:25 IST" duration-ms="11939" status="PASS">
          <reporter-output>
          </reporter-output>
        </test-method> <!-- tearDownClass -->
      </class> <!-- parallel.FailedRun -->
    </test> <!-- Default test -->
  </suite> <!-- Default suite -->
</testng-results>
